#
# A fatal error has been detected by the Java Runtime Environment:
#
#  EXCEPTION_ACCESS_VIOLATION (0xc0000005) at pc=0x00007ffeb7606741, pid=5184, tid=16828
#
# JRE version: OpenJDK Runtime Environment Temurin-17.0.8.1+1 (17.0.8.1+1) (build 17.0.8.1+1)
# Java VM: OpenJDK 64-Bit Server VM Temurin-17.0.8.1+1 (17.0.8.1+1, mixed mode, tiered, compressed oops, compressed class ptrs, g1 gc, windows-amd64)
# Problematic frame:
# V  [jvm.dll+0x666741]
#
# No core dump will be written. Minidumps are not enabled by default on client versions of Windows
#
# If you would like to submit a bug report, please visit:
#   https://github.com/adoptium/adoptium-support/issues
#

---------------  S U M M A R Y ------------

Command Line: -Dfile.encoding=UTF-8 -Dstdout.encoding=UTF-8 -Dstderr.encoding=UTF-8 -XX:+ShowCodeDetailsInExceptionMessages com.aleleone.WOD.Randomizer.WodRandomizerApplication

Host: AMD Ryzen 5 3600 6-Core Processor              , 12 cores, 15G,  Windows 10 , 64 bit Build 19041 (10.0.19041.3636)
Time: Tue Dec 12 15:59:44 2023 Hora estándar de Argentina elapsed time: 638.592138 seconds (0d 0h 10m 38s)

---------------  T H R E A D  ---------------

Current thread (0x000001aee4853590):  JavaThread "http-nio-8080-exec-10" daemon [_thread_in_vm, id=16828, stack(0x0000005014000000,0x0000005014100000)]

Stack: [0x0000005014000000,0x0000005014100000],  sp=0x00000050140f8860,  free space=994k
Native frames: (J=compiled Java code, j=interpreted, Vv=VM code, C=native code)
V  [jvm.dll+0x666741]
V  [jvm.dll+0x2cc709]
V  [jvm.dll+0x2cc4a5]
V  [jvm.dll+0x6debd4]
V  [jvm.dll+0x6e1fab]
V  [jvm.dll+0x6e1a6b]
V  [jvm.dll+0x6e1b64]
C  0x000001aec5a71407

Java frames: (J=compiled Java code, j=interpreted, Vv=VM code)
v  ~RuntimeStub::resolve_opt_virtual_call
J 8093 c1 org.springframework.http.HttpMethod.valueOf(Ljava/lang/String;)Lorg/springframework/http/HttpMethod; (305 bytes) @ 0x000001aebf33aa84 [0x000001aebf33a460+0x0000000000000624]
j  org.springframework.security.web.util.matcher.AntPathRequestMatcher.matches(Ljakarta/servlet/http/HttpServletRequest;)Z+29
j  org.springframework.security.web.util.matcher.OrRequestMatcher.matches(Ljakarta/servlet/http/HttpServletRequest;)Z+31
j  org.springframework.security.web.authentication.logout.LogoutFilter.requiresLogout(Ljakarta/servlet/http/HttpServletRequest;Ljakarta/servlet/http/HttpServletResponse;)Z+5
j  org.springframework.security.web.authentication.logout.LogoutFilter.doFilter(Ljakarta/servlet/http/HttpServletRequest;Ljakarta/servlet/http/HttpServletResponse;Ljakarta/servlet/FilterChain;)V+3
j  org.springframework.security.web.authentication.logout.LogoutFilter.doFilter(Ljakarta/servlet/ServletRequest;Ljakarta/servlet/ServletResponse;Ljakarta/servlet/FilterChain;)V+10
J 7500 c1 org.springframework.security.web.FilterChainProxy$VirtualFilterChain.doFilter(Ljakarta/servlet/ServletRequest;Ljakarta/servlet/ServletResponse;)V (111 bytes) @ 0x000001aebf1f6a2c [0x000001aebf1f60a0+0x000000000000098c]
j  org.springframework.security.web.header.HeaderWriterFilter.doHeadersAfter(Ljakarta/servlet/http/HttpServletRequest;Ljakarta/servlet/http/HttpServletResponse;Ljakarta/servlet/FilterChain;)V+29
j  org.springframework.security.web.header.HeaderWriterFilter.doFilterInternal(Ljakarta/servlet/http/HttpServletRequest;Ljakarta/servlet/http/HttpServletResponse;Ljakarta/servlet/FilterChain;)V+21
J 7981 c1 org.springframework.web.filter.OncePerRequestFilter.doFilter(Ljakarta/servlet/ServletRequest;Ljakarta/servlet/ServletResponse;Ljakarta/servlet/FilterChain;)V (178 bytes) @ 0x000001aebf2ecde4 [0x000001aebf2eb4e0+0x0000000000001904]
J 7500 c1 org.springframework.security.web.FilterChainProxy$VirtualFilterChain.doFilter(Ljakarta/servlet/ServletRequest;Ljakarta/servlet/ServletResponse;)V (111 bytes) @ 0x000001aebf1f6a2c [0x000001aebf1f60a0+0x000000000000098c]
j  org.springframework.security.web.context.SecurityContextHolderFilter.doFilter(Ljakarta/servlet/http/HttpServletRequest;Ljakarta/servlet/http/HttpServletResponse;Ljakarta/servlet/FilterChain;)V+59
j  org.springframework.security.web.context.SecurityContextHolderFilter.doFilter(Ljakarta/servlet/ServletRequest;Ljakarta/servlet/ServletResponse;Ljakarta/servlet/FilterChain;)V+10
J 7500 c1 org.springframework.security.web.FilterChainProxy$VirtualFilterChain.doFilter(Ljakarta/servlet/ServletRequest;Ljakarta/servlet/ServletResponse;)V (111 bytes) @ 0x000001aebf1f6a2c [0x000001aebf1f60a0+0x000000000000098c]
j  org.springframework.security.web.context.request.async.WebAsyncManagerIntegrationFilter.doFilterInternal(Ljakarta/servlet/http/HttpServletRequest;Ljakarta/servlet/http/HttpServletResponse;Ljakarta/servlet/FilterChain;)V+55
J 7981 c1 org.springframework.web.filter.OncePerRequestFilter.doFilter(Ljakarta/servlet/ServletRequest;Ljakarta/servlet/ServletResponse;Ljakarta/servlet/FilterChain;)V (178 bytes) @ 0x000001aebf2ecde4 [0x000001aebf2eb4e0+0x0000000000001904]
J 7500 c1 org.springframework.security.web.FilterChainProxy$VirtualFilterChain.doFilter(Ljakarta/servlet/ServletRequest;Ljakarta/servlet/ServletResponse;)V (111 bytes) @ 0x000001aebf1f6a2c [0x000001aebf1f60a0+0x000000000000098c]
j  org.springframework.security.web.session.DisableEncodeUrlFilter.doFilterInternal(Ljakarta/servlet/http/HttpServletRequest;Ljakarta/servlet/http/HttpServletResponse;Ljakarta/servlet/FilterChain;)V+10
J 7981 c1 org.springframework.web.filter.OncePerRequestFilter.doFilter(Ljakarta/servlet/ServletRequest;Ljakarta/servlet/ServletResponse;Ljakarta/servlet/FilterChain;)V (178 bytes) @ 0x000001aebf2ecde4 [0x000001aebf2eb4e0+0x0000000000001904]
J 7500 c1 org.springframework.security.web.FilterChainProxy$VirtualFilterChain.doFilter(Ljakarta/servlet/ServletRequest;Ljakarta/servlet/ServletResponse;)V (111 bytes) @ 0x000001aebf1f6a2c [0x000001aebf1f60a0+0x000000000000098c]
j  org.springframework.security.web.FilterChainProxy.doFilterInternal(Ljakarta/servlet/ServletRequest;Ljakarta/servlet/ServletResponse;Ljakarta/servlet/FilterChain;)V+163
j  org.springframework.security.web.FilterChainProxy.doFilter(Ljakarta/servlet/ServletRequest;Ljakarta/servlet/ServletResponse;Ljakarta/servlet/FilterChain;)V+48
j  org.springframework.web.filter.DelegatingFilterProxy.invokeDelegate(Ljakarta/servlet/Filter;Ljakarta/servlet/ServletRequest;Ljakarta/servlet/ServletResponse;Ljakarta/servlet/FilterChain;)V+5
j  org.springframework.web.filter.DelegatingFilterProxy.doFilter(Ljakarta/servlet/ServletRequest;Ljakarta/servlet/ServletResponse;Ljakarta/servlet/FilterChain;)V+85
J 7659 c1 org.apache.catalina.core.ApplicationFilterChain.internalDoFilter(Ljakarta/servlet/ServletRequest;Ljakarta/servlet/ServletResponse;)V (391 bytes) @ 0x000001aebf24c68c [0x000001aebf24c260+0x000000000000042c]
J 7658 c1 org.apache.catalina.core.ApplicationFilterChain.doFilter(Ljakarta/servlet/ServletRequest;Ljakarta/servlet/ServletResponse;)V (103 bytes) @ 0x000001aebf24bc44 [0x000001aebf24bbc0+0x0000000000000084]
j  org.springframework.web.filter.RequestContextFilter.doFilterInternal(Ljakarta/servlet/http/HttpServletRequest;Ljakarta/servlet/http/HttpServletResponse;Ljakarta/servlet/FilterChain;)V+21
J 7981 c1 org.springframework.web.filter.OncePerRequestFilter.doFilter(Ljakarta/servlet/ServletRequest;Ljakarta/servlet/ServletResponse;Ljakarta/servlet/FilterChain;)V (178 bytes) @ 0x000001aebf2ecde4 [0x000001aebf2eb4e0+0x0000000000001904]
J 7659 c1 org.apache.catalina.core.ApplicationFilterChain.internalDoFilter(Ljakarta/servlet/ServletRequest;Ljakarta/servlet/ServletResponse;)V (391 bytes) @ 0x000001aebf24c68c [0x000001aebf24c260+0x000000000000042c]
J 7658 c1 org.apache.catalina.core.ApplicationFilterChain.doFilter(Ljakarta/servlet/ServletRequest;Ljakarta/servlet/ServletResponse;)V (103 bytes) @ 0x000001aebf24bc44 [0x000001aebf24bbc0+0x0000000000000084]
j  org.springframework.web.filter.FormContentFilter.doFilterInternal(Ljakarta/servlet/http/HttpServletRequest;Ljakarta/servlet/http/HttpServletResponse;Ljakarta/servlet/FilterChain;)V+38
J 7981 c1 org.springframework.web.filter.OncePerRequestFilter.doFilter(Ljakarta/servlet/ServletRequest;Ljakarta/servlet/ServletResponse;Ljakarta/servlet/FilterChain;)V (178 bytes) @ 0x000001aebf2ecde4 [0x000001aebf2eb4e0+0x0000000000001904]
J 7659 c1 org.apache.catalina.core.ApplicationFilterChain.internalDoFilter(Ljakarta/servlet/ServletRequest;Ljakarta/servlet/ServletResponse;)V (391 bytes) @ 0x000001aebf24c68c [0x000001aebf24c260+0x000000000000042c]
J 7658 c1 org.apache.catalina.core.ApplicationFilterChain.doFilter(Ljakarta/servlet/ServletRequest;Ljakarta/servlet/ServletResponse;)V (103 bytes) @ 0x000001aebf24bc44 [0x000001aebf24bbc0+0x0000000000000084]
j  org.springframework.web.filter.CharacterEncodingFilter.doFilterInternal(Ljakarta/servlet/http/HttpServletRequest;Ljakarta/servlet/http/HttpServletResponse;Ljakarta/servlet/FilterChain;)V+53
J 7981 c1 org.springframework.web.filter.OncePerRequestFilter.doFilter(Ljakarta/servlet/ServletRequest;Ljakarta/servlet/ServletResponse;Ljakarta/servlet/FilterChain;)V (178 bytes) @ 0x000001aebf2ecde4 [0x000001aebf2eb4e0+0x0000000000001904]
J 7659 c1 org.apache.catalina.core.ApplicationFilterChain.internalDoFilter(Ljakarta/servlet/ServletRequest;Ljakarta/servlet/ServletResponse;)V (391 bytes) @ 0x000001aebf24c68c [0x000001aebf24c260+0x000000000000042c]
J 7658 c1 org.apache.catalina.core.ApplicationFilterChain.doFilter(Ljakarta/servlet/ServletRequest;Ljakarta/servlet/ServletResponse;)V (103 bytes) @ 0x000001aebf24bc44 [0x000001aebf24bbc0+0x0000000000000084]
j  org.apache.catalina.core.StandardWrapperValve.invoke(Lorg/apache/catalina/connector/Request;Lorg/apache/catalina/connector/Response;)V+514
j  org.apache.catalina.core.StandardContextValve.invoke(Lorg/apache/catalina/connector/Request;Lorg/apache/catalina/connector/Response;)V+169
j  org.apache.catalina.authenticator.AuthenticatorBase.invoke(Lorg/apache/catalina/connector/Request;Lorg/apache/catalina/connector/Response;)V+218
j  org.apache.catalina.core.StandardHostValve.invoke(Lorg/apache/catalina/connector/Request;Lorg/apache/catalina/connector/Response;)V+131
j  org.apache.catalina.valves.ErrorReportValve.invoke(Lorg/apache/catalina/connector/Request;Lorg/apache/catalina/connector/Response;)V+6
j  org.apache.catalina.core.StandardEngineValve.invoke(Lorg/apache/catalina/connector/Request;Lorg/apache/catalina/connector/Response;)V+59
j  org.apache.catalina.connector.CoyoteAdapter.service(Lorg/apache/coyote/Request;Lorg/apache/coyote/Response;)V+187
j  org.apache.coyote.http11.Http11Processor.service(Lorg/apache/tomcat/util/net/SocketWrapperBase;)Lorg/apache/tomcat/util/net/AbstractEndpoint$Handler$SocketState;+785
j  org.apache.coyote.AbstractProcessorLight.process(Lorg/apache/tomcat/util/net/SocketWrapperBase;Lorg/apache/tomcat/util/net/SocketEvent;)Lorg/apache/tomcat/util/net/AbstractEndpoint$Handler$SocketState;+152
j  org.apache.coyote.AbstractProtocol$ConnectionHandler.process(Lorg/apache/tomcat/util/net/SocketWrapperBase;Lorg/apache/tomcat/util/net/SocketEvent;)Lorg/apache/tomcat/util/net/AbstractEndpoint$Handler$SocketState;+482
j  org.apache.tomcat.util.net.NioEndpoint$SocketProcessor.doRun()V+249
j  org.apache.tomcat.util.net.SocketProcessorBase.run()V+32
j  org.apache.tomcat.util.threads.ThreadPoolExecutor.runWorker(Lorg/apache/tomcat/util/threads/ThreadPoolExecutor$Worker;)V+92
j  org.apache.tomcat.util.threads.ThreadPoolExecutor$Worker.run()V+5
j  org.apache.tomcat.util.threads.TaskThread$WrappingRunnable.run()V+4
j  java.lang.Thread.run()V+11 java.base@17.0.8.1
v  ~StubRoutines::call_stub

siginfo: EXCEPTION_ACCESS_VIOLATION (0xc0000005), reading address 0xffffffffffffffff


Register to memory mapping:

RIP=0x00007ffeb7606741 jvm.dll
RAX=0x1010c00eb00f1010 is an unknown value
RBX=0x000001aebf33a334 is at entry_point+-300 in (nmethod*)0x000001aebf33a190
RCX=0x000001aec5a71310 is at code_begin+-112 in 
[CodeBlob (0x000001aec5a71310)]
Framesize: 360
Runtime Stub (0x000001aec5a71310): resolve_opt_virtual_call
--------------------------------------------------------------------------------
Decoding CodeBlob, name: resolve_opt_virtual_call, at  [0x000001aec5a71380, 0x000001aec5a71540]  448 bytes
[MachCode]
  0x000001aec5a71380: 5548 8bec | 9c48 83ec | 0848 81ec | 8000 0000 | 4889 4424 | 7848 894c | 2470 4889 | 5424 6848 
  0x000001aec5a713a0: 895c 2460 | 4889 6c24 | 5048 8974 | 2448 4889 | 7c24 404c | 8944 2438 | 4c89 4c24 | 304c 8954 
  0x000001aec5a713c0: 2428 4c89 | 5c24 204c | 8964 2418 | 4c89 6c24 | 104c 8974 | 2408 4c89 | 3c24 4881 | ec80 0a00 
  0x000001aec5a713e0: 0048 0fae | 0424 c5f8 | 7748 83ec | 20c5 f877 | 4989 a790 | 0200 0049 | 8bcf 49ba | 301b 68b7 
  0x000001aec5a71400: fe7f 0000 | 41ff d249 | c787 9002 | 0000 0000 | 0000 49c7 | 8798 0200 | 0000 0000 | 00c5 f877 
  0x000001aec5a71420: 4981 7f08 | 0000 0000 | 0f85 8e00 | 0000 498b | 9ff0 0200 | 0049 c787 | f002 0000 | 0000 0000 
  0x000001aec5a71440: 4889 9c24 | 000b 0000 | 4889 8424 | 180b 0000 | 4883 c420 | c5f8 7748 | 0fae 0c24 | 4881 c480 
  0x000001aec5a71460: 0a00 004c | 8b3c 244c | 8b74 2408 | 4c8b 6c24 | 104c 8b64 | 2418 4c8b | 5c24 204c | 8b54 2428 
  0x000001aec5a71480: 4c8b 4c24 | 304c 8b44 | 2438 488b | 7c24 4048 | 8b74 2448 | 488b 6c24 | 5048 8b5c | 2460 488b 
  0x000001aec5a714a0: 5424 6848 | 8b4c 2470 | 488b 4424 | 7848 81c4 | 8000 0000 | 4883 c408 | 9d5d ffe0 | 4883 c420 
  0x000001aec5a714c0: c5f8 7748 | 0fae 0c24 | 4881 c480 | 0a00 004c | 8b3c 244c | 8b74 2408 | 4c8b 6c24 | 104c 8b64 
  0x000001aec5a714e0: 2418 4c8b | 5c24 204c | 8b54 2428 | 4c8b 4c24 | 304c 8b44 | 2438 488b | 7c24 4048 | 8b74 2448 
  0x000001aec5a71500: 488b 6c24 | 5048 8b5c | 2460 488b | 5424 6848 | 8b4c 2470 | 488b 4424 | 7848 81c4 | 8000 0000 
  0x000001aec5a71520: 4883 c408 | 9d5d 49c7 | 87e8 0200 | 0000 0000 | 0049 8b47 | 08e9 c6f9 | faff f4f4 | f4f4 f4f4 
[/MachCode]
--------------------------------------------------------------------------------
RDX=0x000001aec5a71407 is at code_begin+135 in 
[CodeBlob (0x000001aec5a71310)]
Framesize: 360
Runtime Stub (0x000001aec5a71310): resolve_opt_virtual_call
--------------------------------------------------------------------------------
Decoding CodeBlob, name: resolve_opt_virtual_call, at  [0x000001aec5a71380, 0x000001aec5a71540]  448 bytes
[MachCode]
  0x000001aec5a71380: 5548 8bec | 9c48 83ec | 0848 81ec | 8000 0000 | 4889 4424 | 7848 894c | 2470 4889 | 5424 6848 
  0x000001aec5a713a0: 895c 2460 | 4889 6c24 | 5048 8974 | 2448 4889 | 7c24 404c | 8944 2438 | 4c89 4c24 | 304c 8954 
  0x000001aec5a713c0: 2428 4c89 | 5c24 204c | 8964 2418 | 4c89 6c24 | 104c 8974 | 2408 4c89 | 3c24 4881 | ec80 0a00 
  0x000001aec5a713e0: 0048 0fae | 0424 c5f8 | 7748 83ec | 20c5 f877 | 4989 a790 | 0200 0049 | 8bcf 49ba | 301b 68b7 
  0x000001aec5a71400: fe7f 0000 | 41ff d249 | c787 9002 | 0000 0000 | 0000 49c7 | 8798 0200 | 0000 0000 | 00c5 f877 
  0x000001aec5a71420: 4981 7f08 | 0000 0000 | 0f85 8e00 | 0000 498b | 9ff0 0200 | 0049 c787 | f002 0000 | 0000 0000 
  0x000001aec5a71440: 4889 9c24 | 000b 0000 | 4889 8424 | 180b 0000 | 4883 c420 | c5f8 7748 | 0fae 0c24 | 4881 c480 
  0x000001aec5a71460: 0a00 004c | 8b3c 244c | 8b74 2408 | 4c8b 6c24 | 104c 8b64 | 2418 4c8b | 5c24 204c | 8b54 2428 
  0x000001aec5a71480: 4c8b 4c24 | 304c 8b44 | 2438 488b | 7c24 4048 | 8b74 2448 | 488b 6c24 | 5048 8b5c | 2460 488b 
  0x000001aec5a714a0: 5424 6848 | 8b4c 2470 | 488b 4424 | 7848 81c4 | 8000 0000 | 4883 c408 | 9d5d ffe0 | 4883 c420 
  0x000001aec5a714c0: c5f8 7748 | 0fae 0c24 | 4881 c480 | 0a00 004c | 8b3c 244c | 8b74 2408 | 4c8b 6c24 | 104c 8b64 
  0x000001aec5a714e0: 2418 4c8b | 5c24 204c | 8b54 2428 | 4c8b 4c24 | 304c 8b44 | 2438 488b | 7c24 4048 | 8b74 2448 
  0x000001aec5a71500: 488b 6c24 | 5048 8b5c | 2460 488b | 5424 6848 | 8b4c 2470 | 488b 4424 | 7848 81c4 | 8000 0000 
  0x000001aec5a71520: 4883 c408 | 9d5d 49c7 | 87e8 0200 | 0000 0000 | 0049 8b47 | 08e9 c6f9 | faff f4f4 | f4f4 f4f4 
[/MachCode]
--------------------------------------------------------------------------------
RSP=0x00000050140f8860 is pointing into the stack for thread: 0x000001aee4853590
RBP=0x00000050140fcfe0 is pointing into the stack for thread: 0x000001aee4853590
RSI=0x00000050140f8a30 is pointing into the stack for thread: 0x000001aee4853590
RDI=0x00000050140f89c8 is pointing into the stack for thread: 0x000001aee4853590
R8 =0x0000000000000003 is an unknown value
R9 =0x000001aecd4f0000 points into unknown readable memory: 0x0100050403020100 | 00 01 02 03 04 05 00 01
R10=0x000001aec5a20000 points into unknown readable memory: 0x0000000000000006 | 06 00 00 00 00 00 00 00
R11=0x000001aebf33aa80 is at entry_point+1568 in (nmethod*)0x000001aebf33a190
R12=0x00000050140f89c8 is pointing into the stack for thread: 0x000001aee4853590
R13=0x0000000000000006 is an unknown value
R14=0x000001aebf33a190 is at entry_point+-720 in (nmethod*)0x000001aebf33a190
R15=0x00000050140f8a30 is pointing into the stack for thread: 0x000001aee4853590


Registers:
RAX=0x1010c00eb00f1010, RBX=0x000001aebf33a334, RCX=0x000001aec5a71310, RDX=0x000001aec5a71407
RSP=0x00000050140f8860, RBP=0x00000050140fcfe0, RSI=0x00000050140f8a30, RDI=0x00000050140f89c8
R8 =0x0000000000000003, R9 =0x000001aecd4f0000, R10=0x000001aec5a20000, R11=0x000001aebf33aa80
R12=0x00000050140f89c8, R13=0x0000000000000006, R14=0x000001aebf33a190, R15=0x00000050140f8a30
RIP=0x00007ffeb7606741, EFLAGS=0x0000000000010202

Top of Stack: (sp=0x00000050140f8860)
0x00000050140f8860:   0000000000000006 00000050140f9db0
0x00000050140f8870:   000001aebf33aa7f 00007ffeb71cfbc7
0x00000050140f8880:   0000000000000000 00000050140f88e9
0x00000050140f8890:   00000050140f9da0 000001aee538bcd8
0x00000050140f88a0:   000001aebf33aa84 000001aebf33a190
0x00000050140f88b0:   0000000000000006 00000050140f9db0
0x00000050140f88c0:   00000050140f89c8 00000050140f8a30
0x00000050140f88d0:   00000050140fcfe0 00007ffeb726c709
0x00000050140f88e0:   000001aee4853590 00000050140f89f8
0x00000050140f88f0:   00000050140f89c8 00000050140f8a50
0x00000050140f8900:   00000050140f8a30 00000050140f9da0
0x00000050140f8910:   00000050140f89f8 00007ffeb726c4a5
0x00000050140f8920:   00000050140f8a50 000001aebf33a190
0x00000050140f8930:   00000050140f9d54 00000000e567d530
0x00000050140f8940:   000001aee4853590 00007ffeb767ebd4
0x00000050140f8950:   0000000000000000 00000050140f9da0 

Instructions: (pc=0x00007ffeb7606741)
0x00007ffeb7606641:   53 48 83 ec 20 48 8d 04 95 00 00 00 00 48 8b d9
0x00007ffeb7606651:   48 8b 49 08 0f bf d0 83 ca 01 e8 e0 7b b8 ff ff
0x00007ffeb7606661:   43 04 48 83 c4 20 5b c3 cc cc cc cc cc cc cc 40
0x00007ffeb7606671:   53 48 83 ec 20 48 8d 04 95 00 00 00 00 48 8b d9
0x00007ffeb7606681:   48 8b 49 08 0f bf d0 e8 b3 7b b8 ff ff 43 04 48
0x00007ffeb7606691:   83 c4 20 5b c3 cc cc cc cc cc cc cc cc cc cc 40
0x00007ffeb76066a1:   53 48 83 ec 20 48 8b 05 fb d8 51 00 33 db 48 87
0x00007ffeb76066b1:   18 48 85 db 74 2a 66 0f 1f 84 00 00 00 00 00 48
0x00007ffeb76066c1:   8b cb 48 8b 5b 10 4c 8b 01 48 8b 51 08 49 8b 00
0x00007ffeb76066d1:   48 03 10 49 89 10 e8 94 01 a4 ff 48 85 db 75 df
0x00007ffeb76066e1:   c6 05 b8 d8 51 00 00 48 83 c4 20 5b c3 cc cc 48
0x00007ffeb76066f1:   89 5c 24 10 55 56 57 41 54 41 55 41 56 41 57 48
0x00007ffeb7606701:   83 ec 40 65 48 8b 04 25 58 00 00 00 4c 8b fa 44
0x00007ffeb7606711:   8b 05 a1 73 54 00 4c 8b e1 4a 8b 1c c0 b8 50 00
0x00007ffeb7606721:   00 00 80 3c 18 00 75 05 e8 2a a4 22 00 49 8b 54
0x00007ffeb7606731:   24 08 49 8b 4c 24 10 b8 20 00 00 00 48 8b 04 18
0x00007ffeb7606741:   4c 8b a8 38 02 00 00 49 8b 45 10 48 89 84 24 80
0x00007ffeb7606751:   00 00 00 49 8b 45 18 48 89 84 24 98 00 00 00 49
0x00007ffeb7606761:   8b 45 20 48 89 44 24 20 49 8b 45 28 48 89 84 24
0x00007ffeb7606771:   90 00 00 00 e8 d6 9e b9 ff 33 f6 c7 44 24 3a 00
0x00007ffeb7606781:   00 ff ff 33 d2 48 8b d8 8d 4e 10 e8 df 8c 06 00
0x00007ffeb7606791:   4c 8b f0 48 85 c0 74 0c 48 8d 4b 04 89 70 08 48
0x00007ffeb76067a1:   89 08 eb 03 4c 8b f6 8b 2b 8b fe 32 c0 66 90 84
0x00007ffeb76067b1:   c0 75 37 8b c7 ff c7 3b c5 0f 8d 18 01 00 00 49
0x00007ffeb76067c1:   8b ce e8 58 41 b2 ff 0f b7 f0 66 89 44 24 3a 66
0x00007ffeb76067d1:   83 e0 03 66 83 e8 02 66 83 f8 01 77 0d 49 8b ce
0x00007ffeb76067e1:   e8 3a 41 b2 ff 66 89 44 24 3c 0f b6 44 24 3a 24
0x00007ffeb76067f1:   03 3c 02 0f 85 a0 00 00 00 8b 44 24 3a 48 8b 0d
0x00007ffeb7606801:   03 c0 4c 00 c1 e8 10 48 0f bf d8 0f b7 c6 48 c1
0x00007ffeb7606811:   e8 02 48 3b c1 7d 3e 48 8b d0 48 8b c8 83 e2 3f
0x00007ffeb7606821:   48 85 c0 79 08 48 8d 48 3f 48 83 ea 40 48 c1 f9
0x00007ffeb7606831:   06 48 63 c9 49 8b 8c cf 08 12 00 00 48 0f a3 d1 


Stack slot to memory mapping:
stack at sp + 0 slots: 0x0000000000000006 is an unknown value
stack at sp + 1 slots: 0x00000050140f9db0 is pointing into the stack for thread: 0x000001aee4853590
stack at sp + 2 slots: 0x000001aebf33aa7f is at entry_point+1567 in (nmethod*)0x000001aebf33a190
stack at sp + 3 slots: 0x00007ffeb71cfbc7 jvm.dll
stack at sp + 4 slots: 0x0 is NULL
stack at sp + 5 slots: 0x00000050140f88e9 is pointing into the stack for thread: 0x000001aee4853590
stack at sp + 6 slots: 0x00000050140f9da0 is pointing into the stack for thread: 0x000001aee4853590
stack at sp + 7 slots: 0x000001aee538bcd8 is pointing into metadata


---------------  P R O C E S S  ---------------

Threads class SMR info:
_java_thread_list=0x000001aedfca7b00, length=31, elements={
0x000001aeda68d010, 0x000001aeda68dca0, 0x000001aeda6c4290, 0x000001aeda6c4b60,
0x000001aeda6c5bd0, 0x000001aeda6c6c40, 0x000001aeda6d2610, 0x000001aeda6d66e0,
0x000001aeda6e77b0, 0x000001aeda843fa0, 0x000001aeda8606b0, 0x000001aee12b4220,
0x000001aee12b1490, 0x000001aee12b0a70, 0x000001aee12b2de0, 0x000001aee12b28d0,
0x000001aee3bfd590, 0x000001aee3bfbc40, 0x000001aee3bfc660, 0x000001aee3bfdaa0,
0x000001aee3bfcb70, 0x000001aee3bfd080, 0x000001aee3bfdfb0, 0x000001aee3bfe4c0,
0x000001aee3bfad10, 0x000001aee3bfb220, 0x000001aee3bfb730, 0x000001aee4853590,
0x000001aee4852660, 0x000001aee4853aa0, 0x000001aee4852b70
}

Java Threads: ( => current thread )
  0x000001aeda68d010 JavaThread "Reference Handler" daemon [_thread_blocked, id=5352, stack(0x0000005011200000,0x0000005011300000)]
  0x000001aeda68dca0 JavaThread "Finalizer" daemon [_thread_blocked, id=3188, stack(0x0000005011300000,0x0000005011400000)]
  0x000001aeda6c4290 JavaThread "Signal Dispatcher" daemon [_thread_blocked, id=9524, stack(0x0000005011400000,0x0000005011500000)]
  0x000001aeda6c4b60 JavaThread "Attach Listener" daemon [_thread_blocked, id=6892, stack(0x0000005011500000,0x0000005011600000)]
  0x000001aeda6c5bd0 JavaThread "Service Thread" daemon [_thread_blocked, id=20704, stack(0x0000005011600000,0x0000005011700000)]
  0x000001aeda6c6c40 JavaThread "Monitor Deflation Thread" daemon [_thread_blocked, id=952, stack(0x0000005011700000,0x0000005011800000)]
  0x000001aeda6d2610 JavaThread "C2 CompilerThread0" daemon [_thread_blocked, id=18216, stack(0x0000005011800000,0x0000005011900000)]
  0x000001aeda6d66e0 JavaThread "C1 CompilerThread0" daemon [_thread_blocked, id=4324, stack(0x0000005011900000,0x0000005011a00000)]
  0x000001aeda6e77b0 JavaThread "Sweeper thread" daemon [_thread_blocked, id=2328, stack(0x0000005011a00000,0x0000005011b00000)]
  0x000001aeda843fa0 JavaThread "Notification Thread" daemon [_thread_blocked, id=17692, stack(0x0000005011b00000,0x0000005011c00000)]
  0x000001aeda8606b0 JavaThread "Common-Cleaner" daemon [_thread_blocked, id=2212, stack(0x0000005011d00000,0x0000005011e00000)]
  0x000001aee12b4220 JavaThread "mysql-cj-abandoned-connection-cleanup" daemon [_thread_blocked, id=3324, stack(0x0000005012700000,0x0000005012800000)]
  0x000001aee12b1490 JavaThread "HikariPool-1 housekeeper" daemon [_thread_blocked, id=10588, stack(0x0000005012f00000,0x0000005013000000)]
  0x000001aee12b0a70 JavaThread "Catalina-utility-1" [_thread_blocked, id=10288, stack(0x0000005013200000,0x0000005013300000)]
  0x000001aee12b2de0 JavaThread "Catalina-utility-2" [_thread_blocked, id=9016, stack(0x0000005013300000,0x0000005013400000)]
  0x000001aee12b28d0 JavaThread "container-0" [_thread_blocked, id=6824, stack(0x0000005013400000,0x0000005013500000)]
  0x000001aee3bfd590 JavaThread "File Watcher" daemon [_thread_blocked, id=11128, stack(0x0000005013500000,0x0000005013600000)]
  0x000001aee3bfbc40 JavaThread "Live Reload Server" daemon [_thread_in_native, id=19580, stack(0x0000005013700000,0x0000005013800000)]
  0x000001aee3bfc660 JavaThread "http-nio-8080-exec-1" daemon [_thread_blocked, id=10780, stack(0x0000005013600000,0x0000005013700000)]
  0x000001aee3bfdaa0 JavaThread "http-nio-8080-exec-2" daemon [_thread_blocked, id=9280, stack(0x0000005013800000,0x0000005013900000)]
  0x000001aee3bfcb70 JavaThread "http-nio-8080-exec-3" daemon [_thread_blocked, id=19252, stack(0x0000005013900000,0x0000005013a00000)]
  0x000001aee3bfd080 JavaThread "http-nio-8080-exec-4" daemon [_thread_blocked, id=11540, stack(0x0000005013a00000,0x0000005013b00000)]
  0x000001aee3bfdfb0 JavaThread "http-nio-8080-exec-5" daemon [_thread_blocked, id=11544, stack(0x0000005013b00000,0x0000005013c00000)]
  0x000001aee3bfe4c0 JavaThread "http-nio-8080-exec-6" daemon [_thread_blocked, id=15524, stack(0x0000005013c00000,0x0000005013d00000)]
  0x000001aee3bfad10 JavaThread "http-nio-8080-exec-7" daemon [_thread_blocked, id=13868, stack(0x0000005013d00000,0x0000005013e00000)]
  0x000001aee3bfb220 JavaThread "http-nio-8080-exec-8" daemon [_thread_blocked, id=18420, stack(0x0000005013e00000,0x0000005013f00000)]
  0x000001aee3bfb730 JavaThread "http-nio-8080-exec-9" daemon [_thread_blocked, id=9872, stack(0x0000005013f00000,0x0000005014000000)]
=>0x000001aee4853590 JavaThread "http-nio-8080-exec-10" daemon [_thread_in_vm, id=16828, stack(0x0000005014000000,0x0000005014100000)]
  0x000001aee4852660 JavaThread "http-nio-8080-Poller" daemon [_thread_in_native, id=9764, stack(0x0000005014100000,0x0000005014200000)]
  0x000001aee4853aa0 JavaThread "http-nio-8080-Acceptor" daemon [_thread_in_native, id=20472, stack(0x0000005014200000,0x0000005014300000)]
  0x000001aee4852b70 JavaThread "DestroyJavaVM" [_thread_blocked, id=3244, stack(0x0000005010b00000,0x0000005010c00000)]

Other Threads:
  0x000001aeda676a00 VMThread "VM Thread" [stack: 0x0000005011100000,0x0000005011200000] [id=9296]
  0x000001aeb96ec050 WatcherThread [stack: 0x0000005011c00000,0x0000005011d00000] [id=11864]
  0x000001aeb96d2770 GCTaskThread "GC Thread#0" [stack: 0x0000005010c00000,0x0000005010d00000] [id=14296]
  0x000001aedf12a2e0 GCTaskThread "GC Thread#1" [stack: 0x0000005012200000,0x0000005012300000] [id=19492]
  0x000001aedf12a5a0 GCTaskThread "GC Thread#2" [stack: 0x0000005012300000,0x0000005012400000] [id=19484]
  0x000001aedfd870c0 GCTaskThread "GC Thread#3" [stack: 0x0000005012400000,0x0000005012500000] [id=13700]
  0x000001aedfd87380 GCTaskThread "GC Thread#4" [stack: 0x0000005012500000,0x0000005012600000] [id=7260]
  0x000001aedfd87a40 GCTaskThread "GC Thread#5" [stack: 0x0000005012600000,0x0000005012700000] [id=12564]
  0x000001aedf683270 GCTaskThread "GC Thread#6" [stack: 0x0000005012800000,0x0000005012900000] [id=4284]
  0x000001aee06250e0 GCTaskThread "GC Thread#7" [stack: 0x0000005012900000,0x0000005012a00000] [id=16756]
  0x000001aee06328b0 GCTaskThread "GC Thread#8" [stack: 0x0000005012a00000,0x0000005012b00000] [id=21296]
  0x000001aee03d1fc0 GCTaskThread "GC Thread#9" [stack: 0x0000005012d00000,0x0000005012e00000] [id=20504]
  0x000001aeb96e4210 ConcurrentGCThread "G1 Main Marker" [stack: 0x0000005010d00000,0x0000005010e00000] [id=9592]
  0x000001aeb96e4b30 ConcurrentGCThread "G1 Conc#0" [stack: 0x0000005010e00000,0x0000005010f00000] [id=3100]
  0x000001aee02f9c80 ConcurrentGCThread "G1 Conc#1" [stack: 0x0000005012b00000,0x0000005012c00000] [id=20212]
  0x000001aee0a25d00 ConcurrentGCThread "G1 Conc#2" [stack: 0x0000005012c00000,0x0000005012d00000] [id=18852]
  0x000001aeb971e030 ConcurrentGCThread "G1 Refine#0" [stack: 0x0000005010f00000,0x0000005011000000] [id=20844]
  0x000001aee22ccbb0 ConcurrentGCThread "G1 Refine#1" [stack: 0x0000005013100000,0x0000005013200000] [id=10612]
  0x000001aeb971e970 ConcurrentGCThread "G1 Service" [stack: 0x0000005011000000,0x0000005011100000] [id=18952]

Threads with active compile tasks:

VM state: not at safepoint (normal execution)

VM Mutex/Monitor currently owned by a thread: None

Heap address: 0x0000000701600000, size: 4074 MB, Compressed Oops mode: Zero based, Oop shift amount: 3

CDS archive(s) not mapped
Compressed class space mapped at: 0x0000000800000000-0x0000000840000000, reserved size: 1073741824
Narrow klass base: 0x0000000800000000, Narrow klass shift: 0, Narrow klass range: 0x40000000

GC Precious Log:
 CPUs: 12 total, 12 available
 Memory: 16295M
 Large Page Support: Disabled
 NUMA Support: Disabled
 Compressed Oops: Enabled (Zero based)
 Heap Region Size: 2M
 Heap Min Capacity: 8M
 Heap Initial Capacity: 256M
 Heap Max Capacity: 4074M
 Pre-touch: Disabled
 Parallel Workers: 10
 Concurrent Workers: 3
 Concurrent Refinement Workers: 10
 Periodic GC: Disabled

Heap:
 garbage-first heap   total 90112K, used 39008K [0x0000000701600000, 0x0000000800000000)
  region size 2048K, 5 young (10240K), 1 survivors (2048K)
 Metaspace       used 84056K, committed 84672K, reserved 1179648K
  class space    used 10988K, committed 11264K, reserved 1048576K

Heap Regions: E=young(eden), S=young(survivor), O=old, HS=humongous(starts), HC=humongous(continues), CS=collection set, F=free, OA=open archive, CA=closed archive, TAMS=top-at-mark-start (previous, next)
|   0|0x0000000701600000, 0x0000000701800000, 0x0000000701800000|100%| O|  |TAMS 0x0000000701800000, 0x0000000701600000| Untracked 
|   1|0x0000000701800000, 0x0000000701a00000, 0x0000000701a00000|100%| O|  |TAMS 0x0000000701a00000, 0x0000000701800000| Untracked 
|   2|0x0000000701a00000, 0x0000000701c00000, 0x0000000701c00000|100%| O|  |TAMS 0x0000000701c00000, 0x0000000701a00000| Untracked 
|   3|0x0000000701c00000, 0x0000000701e00000, 0x0000000701e00000|100%| O|  |TAMS 0x0000000701e00000, 0x0000000701c00000| Untracked 
|   4|0x0000000701e00000, 0x0000000702000000, 0x0000000702000000|100%| O|  |TAMS 0x0000000702000000, 0x0000000701e00000| Untracked 
|   5|0x0000000702000000, 0x0000000702200000, 0x0000000702200000|100%| O|  |TAMS 0x0000000702000000, 0x0000000702000000| Untracked 
|   6|0x0000000702200000, 0x0000000702400000, 0x0000000702400000|100%| O|  |TAMS 0x0000000702400000, 0x0000000702200000| Untracked 
|   7|0x0000000702400000, 0x0000000702600000, 0x0000000702600000|100%| O|  |TAMS 0x0000000702600000, 0x0000000702400000| Untracked 
|   8|0x0000000702600000, 0x0000000702800000, 0x0000000702800000|100%| O|  |TAMS 0x0000000702800000, 0x0000000702600000| Untracked 
|   9|0x0000000702800000, 0x0000000702a00000, 0x0000000702a00000|100%| O|  |TAMS 0x0000000702800000, 0x0000000702800000| Untracked 
|  10|0x0000000702a00000, 0x0000000702c00000, 0x0000000702c00000|100%| O|  |TAMS 0x0000000702a00000, 0x0000000702a00000| Untracked 
|  11|0x0000000702c00000, 0x0000000702e00000, 0x0000000702e00000|100%| O|  |TAMS 0x0000000702c00000, 0x0000000702c00000| Untracked 
|  12|0x0000000702e00000, 0x0000000703000000, 0x0000000703000000|100%| O|  |TAMS 0x0000000702e00000, 0x0000000702e00000| Untracked 
|  13|0x0000000703000000, 0x0000000703200000, 0x0000000703200000|100%| O|  |TAMS 0x0000000703000000, 0x0000000703000000| Untracked 
|  14|0x0000000703200000, 0x0000000703400000, 0x0000000703400000|100%| O|  |TAMS 0x0000000703200000, 0x0000000703200000| Untracked 
|  15|0x0000000703400000, 0x00000007034d1200, 0x0000000703600000| 40%| O|  |TAMS 0x0000000703400000, 0x0000000703400000| Untracked 
|  16|0x0000000703600000, 0x0000000703600000, 0x0000000703800000|  0%| F|  |TAMS 0x0000000703600000, 0x0000000703600000| Untracked 
|  17|0x0000000703800000, 0x0000000703800000, 0x0000000703a00000|  0%| F|  |TAMS 0x0000000703800000, 0x0000000703800000| Untracked 
|  18|0x0000000703a00000, 0x0000000703a00000, 0x0000000703c00000|  0%| F|  |TAMS 0x0000000703a00000, 0x0000000703a00000| Untracked 
|  19|0x0000000703c00000, 0x0000000703c00000, 0x0000000703e00000|  0%| F|  |TAMS 0x0000000703c00000, 0x0000000703c00000| Untracked 
|  20|0x0000000703e00000, 0x0000000703e00000, 0x0000000704000000|  0%| F|  |TAMS 0x0000000703e00000, 0x0000000703e00000| Untracked 
|  21|0x0000000704000000, 0x0000000704000000, 0x0000000704200000|  0%| F|  |TAMS 0x0000000704000000, 0x0000000704000000| Untracked 
|  22|0x0000000704200000, 0x0000000704200000, 0x0000000704400000|  0%| F|  |TAMS 0x0000000704200000, 0x0000000704200000| Untracked 
|  23|0x0000000704400000, 0x0000000704400000, 0x0000000704600000|  0%| F|  |TAMS 0x0000000704400000, 0x0000000704400000| Untracked 
|  24|0x0000000704600000, 0x0000000704746f60, 0x0000000704800000| 63%| S|CS|TAMS 0x0000000704600000, 0x0000000704600000| Complete 
|  25|0x0000000704800000, 0x0000000704800000, 0x0000000704a00000|  0%| F|  |TAMS 0x0000000704800000, 0x0000000704800000| Untracked 
|  26|0x0000000704a00000, 0x0000000704a00000, 0x0000000704c00000|  0%| F|  |TAMS 0x0000000704a00000, 0x0000000704a00000| Untracked 
|  27|0x0000000704c00000, 0x0000000704c00000, 0x0000000704e00000|  0%| F|  |TAMS 0x0000000704c00000, 0x0000000704c00000| Untracked 
|  28|0x0000000704e00000, 0x0000000704e00000, 0x0000000705000000|  0%| F|  |TAMS 0x0000000704e00000, 0x0000000704e00000| Untracked 
|  29|0x0000000705000000, 0x0000000705000000, 0x0000000705200000|  0%| F|  |TAMS 0x0000000705000000, 0x0000000705000000| Untracked 
|  30|0x0000000705200000, 0x0000000705200000, 0x0000000705400000|  0%| F|  |TAMS 0x0000000705200000, 0x0000000705200000| Untracked 
|  31|0x0000000705400000, 0x0000000705400000, 0x0000000705600000|  0%| F|  |TAMS 0x0000000705400000, 0x0000000705400000| Untracked 
|  32|0x0000000705600000, 0x0000000705600000, 0x0000000705800000|  0%| F|  |TAMS 0x0000000705600000, 0x0000000705600000| Untracked 
|  33|0x0000000705800000, 0x0000000705800000, 0x0000000705a00000|  0%| F|  |TAMS 0x0000000705800000, 0x0000000705800000| Untracked 
|  34|0x0000000705a00000, 0x0000000705a00000, 0x0000000705c00000|  0%| F|  |TAMS 0x0000000705a00000, 0x0000000705a00000| Untracked 
|  35|0x0000000705c00000, 0x0000000705c00000, 0x0000000705e00000|  0%| F|  |TAMS 0x0000000705c00000, 0x0000000705c00000| Untracked 
|  36|0x0000000705e00000, 0x0000000705e00000, 0x0000000706000000|  0%| F|  |TAMS 0x0000000705e00000, 0x0000000705e00000| Untracked 
|  37|0x0000000706000000, 0x0000000706000000, 0x0000000706200000|  0%| F|  |TAMS 0x0000000706000000, 0x0000000706000000| Untracked 
|  38|0x0000000706200000, 0x0000000706200000, 0x0000000706400000|  0%| F|  |TAMS 0x0000000706200000, 0x0000000706200000| Untracked 
|  39|0x0000000706400000, 0x0000000706400000, 0x0000000706600000|  0%| F|  |TAMS 0x0000000706400000, 0x0000000706400000| Untracked 
|  45|0x0000000707000000, 0x0000000707188f10, 0x0000000707200000| 76%| E|  |TAMS 0x0000000707000000, 0x0000000707000000| Complete 
|  46|0x0000000707200000, 0x0000000707400000, 0x0000000707400000|100%| E|CS|TAMS 0x0000000707200000, 0x0000000707200000| Complete 
|  47|0x0000000707400000, 0x0000000707600000, 0x0000000707600000|100%| E|CS|TAMS 0x0000000707400000, 0x0000000707400000| Complete 
| 127|0x0000000711400000, 0x0000000711600000, 0x0000000711600000|100%| E|CS|TAMS 0x0000000711400000, 0x0000000711400000| Complete 

Card table byte_map: [0x000001aece980000,0x000001aecf180000] _byte_map_base: 0x000001aecb175000

Marking Bits (Prev, Next): (CMBitMap*) 0x000001aeb96d2ce0, (CMBitMap*) 0x000001aeb96d2ca0
 Prev Bits: [0x000001aed3930000, 0x000001aed78d8000)
 Next Bits: [0x000001aecf980000, 0x000001aed3928000)

Polling page: 0x000001aebe4d0000

Metaspace:

Usage:
  Non-class:     71.36 MB used.
      Class:     10.73 MB used.
       Both:     82.09 MB used.

Virtual space:
  Non-class space:      128.00 MB reserved,      71.69 MB ( 56%) committed,  2 nodes.
      Class space:        1.00 GB reserved,      11.00 MB (  1%) committed,  1 nodes.
             Both:        1.12 GB reserved,      82.69 MB (  7%) committed. 

Chunk freelists:
   Non-Class:  8.35 MB
       Class:  4.96 MB
        Both:  13.32 MB

MaxMetaspaceSize: unlimited
CompressedClassSpaceSize: 1.00 GB
Initial GC threshold: 21.00 MB
Current GC threshold: 98.75 MB
CDS: off
MetaspaceReclaimPolicy: balanced
 - commit_granule_bytes: 65536.
 - commit_granule_words: 8192.
 - virtual_space_node_default_size: 8388608.
 - enlarge_chunks_in_place: 1.
 - new_chunks_are_fully_committed: 0.
 - uncommit_free_chunks: 1.
 - use_allocation_guard: 0.
 - handle_deallocations: 1.


Internal statistics:

num_allocs_failed_limit: 9.
num_arena_births: 750.
num_arena_deaths: 0.
num_vsnodes_births: 3.
num_vsnodes_deaths: 0.
num_space_committed: 1323.
num_space_uncommitted: 0.
num_chunks_returned_to_freelist: 9.
num_chunks_taken_from_freelist: 3389.
num_chunk_merges: 6.
num_chunk_splits: 2444.
num_chunks_enlarged: 1919.
num_inconsistent_stats: 0.

CodeHeap 'non-profiled nmethods': size=120000Kb used=5160Kb max_used=5160Kb free=114839Kb
 bounds [0x000001aec5fc0000, 0x000001aec64d0000, 0x000001aecd4f0000]
CodeHeap 'profiled nmethods': size=120000Kb used=14802Kb max_used=14802Kb free=105197Kb
 bounds [0x000001aebe4f0000, 0x000001aebf370000, 0x000001aec5a20000]
CodeHeap 'non-nmethods': size=5760Kb used=1376Kb max_used=1426Kb free=4383Kb
 bounds [0x000001aec5a20000, 0x000001aec5c90000, 0x000001aec5fc0000]
 total_blobs=8009 nmethods=7301 adapters=619
 compilation: enabled
              stopped_count=0, restarted_count=0
 full_count=0

Compilation events (20 events):
Event: 636.895 Thread 0x000001aeda6d66e0 8157       3       com.fasterxml.jackson.databind.ObjectMapper::_assertNotNull (27 bytes)
Event: 636.895 Thread 0x000001aeda6d66e0 nmethod 8157 0x000001aebf360b90 code [0x000001aebf360e00, 0x000001aebf361958]
Event: 636.896 Thread 0x000001aeda6d2610 8158       4       org.springframework.security.web.firewall.StrictHttpFirewall$$Lambda$1391/0x00000008009ffb48::test (8 bytes)
Event: 636.896 Thread 0x000001aeda6d66e0 8159       3       jdk.internal.reflect.ClassFileAssembler::opc_athrow (12 bytes)
Event: 636.897 Thread 0x000001aeda6d66e0 nmethod 8159 0x000001aebf361d10 code [0x000001aebf361ec0, 0x000001aebf362188]
Event: 636.897 Thread 0x000001aeda6d66e0 8160       1       org.hibernate.jpa.internal.JpaComplianceImpl::isJpaQueryComplianceEnabled (5 bytes)
Event: 636.897 Thread 0x000001aeda6d66e0 nmethod 8160 0x000001aec64c8a90 code [0x000001aec64c8c20, 0x000001aec64c8cf8]
Event: 636.899 Thread 0x000001aeda6d66e0 8161       3       com.mysql.cj.protocol.a.MysqlTextValueDecoder::decodeInt8 (16 bytes)
Event: 636.899 Thread 0x000001aeda6d66e0 nmethod 8161 0x000001aebf362310 code [0x000001aebf3624c0, 0x000001aebf3626d8]
Event: 636.900 Thread 0x000001aeda6d66e0 8162       3       org.hibernate.mapping.Property::isUpdateable (25 bytes)
Event: 636.900 Thread 0x000001aeda6d66e0 nmethod 8162 0x000001aebf362810 code [0x000001aebf3629c0, 0x000001aebf362c28]
Event: 636.900 Thread 0x000001aeda6d66e0 8163       3       com.mysql.cj.jdbc.result.ResultSetImpl::setRowPositionValidity (110 bytes)
Event: 636.900 Thread 0x000001aeda6d66e0 nmethod 8163 0x000001aebf362d10 code [0x000001aebf362fc0, 0x000001aebf363d08]
Event: 636.900 Thread 0x000001aeda6d66e0 8164       3       java.text.MessageFormat::format (12 bytes)
Event: 636.901 Thread 0x000001aeda6d66e0 nmethod 8164 0x000001aebf364090 code [0x000001aebf364240, 0x000001aebf364488]
Event: 636.901 Thread 0x000001aeda6d66e0 8165       3       sun.nio.ch.SelectionKeyImpl::ensureValid (16 bytes)
Event: 636.901 Thread 0x000001aeda6d66e0 nmethod 8165 0x000001aebf364590 code [0x000001aebf364740, 0x000001aebf364a28]
Event: 636.910 Thread 0x000001aeda6d2610 nmethod 8158 0x000001aec64c8d90 code [0x000001aec64c8f80, 0x000001aec64c9af8]
Event: 638.584 Thread 0x000001aeda6d66e0 8166       1       org.apache.catalina.loader.WebappLoader::getClassLoader (5 bytes)
Event: 638.584 Thread 0x000001aeda6d66e0 nmethod 8166 0x000001aec64ca090 code [0x000001aec64ca220, 0x000001aec64ca2f8]

GC Heap History (20 events):
Event: 2.076 GC heap before
{Heap before GC invocations=11 (full 0):
 garbage-first heap   total 49152K, used 31432K [0x0000000701600000, 0x0000000800000000)
  region size 2048K, 9 young (18432K), 1 survivors (2048K)
 Metaspace       used 39666K, committed 40064K, reserved 1114112K
  class space    used 4755K, committed 4928K, reserved 1048576K
}
Event: 2.077 GC heap after
{Heap after GC invocations=12 (full 0):
 garbage-first heap   total 49152K, used 18545K [0x0000000701600000, 0x0000000800000000)
  region size 2048K, 1 young (2048K), 1 survivors (2048K)
 Metaspace       used 39666K, committed 40064K, reserved 1114112K
  class space    used 4755K, committed 4928K, reserved 1048576K
}
Event: 2.108 GC heap before
{Heap before GC invocations=12 (full 0):
 garbage-first heap   total 49152K, used 20593K [0x0000000701600000, 0x0000000800000000)
  region size 2048K, 2 young (4096K), 1 survivors (2048K)
 Metaspace       used 40246K, committed 40640K, reserved 1114112K
  class space    used 4808K, committed 4992K, reserved 1048576K
}
Event: 2.111 GC heap after
{Heap after GC invocations=13 (full 0):
 garbage-first heap   total 49152K, used 18682K [0x0000000701600000, 0x0000000800000000)
  region size 2048K, 1 young (2048K), 1 survivors (2048K)
 Metaspace       used 40246K, committed 40640K, reserved 1114112K
  class space    used 4808K, committed 4992K, reserved 1048576K
}
Event: 2.324 GC heap before
{Heap before GC invocations=13 (full 0):
 garbage-first heap   total 49152K, used 35066K [0x0000000701600000, 0x0000000800000000)
  region size 2048K, 9 young (18432K), 1 survivors (2048K)
 Metaspace       used 43010K, committed 43392K, reserved 1114112K
  class space    used 5177K, committed 5376K, reserved 1048576K
}
Event: 2.327 GC heap after
{Heap after GC invocations=14 (full 0):
 garbage-first heap   total 155648K, used 19528K [0x0000000701600000, 0x0000000800000000)
  region size 2048K, 1 young (2048K), 1 survivors (2048K)
 Metaspace       used 43010K, committed 43392K, reserved 1114112K
  class space    used 5177K, committed 5376K, reserved 1048576K
}
Event: 3.141 GC heap before
{Heap before GC invocations=14 (full 0):
 garbage-first heap   total 155648K, used 74824K [0x0000000701600000, 0x0000000800000000)
  region size 2048K, 29 young (59392K), 1 survivors (2048K)
 Metaspace       used 60001K, committed 60416K, reserved 1114112K
  class space    used 7501K, committed 7680K, reserved 1048576K
}
Event: 3.145 GC heap after
{Heap after GC invocations=15 (full 0):
 garbage-first heap   total 155648K, used 23654K [0x0000000701600000, 0x0000000800000000)
  region size 2048K, 3 young (6144K), 3 survivors (6144K)
 Metaspace       used 60001K, committed 60416K, reserved 1114112K
  class space    used 7501K, committed 7680K, reserved 1048576K
}
Event: 3.752 GC heap before
{Heap before GC invocations=16 (full 0):
 garbage-first heap   total 90112K, used 70758K [0x0000000701600000, 0x0000000800000000)
  region size 2048K, 26 young (53248K), 3 survivors (6144K)
 Metaspace       used 69050K, committed 69504K, reserved 1114112K
  class space    used 8909K, committed 9088K, reserved 1048576K
}
Event: 3.756 GC heap after
{Heap after GC invocations=17 (full 0):
 garbage-first heap   total 90112K, used 26299K [0x0000000701600000, 0x0000000800000000)
  region size 2048K, 2 young (4096K), 2 survivors (4096K)
 Metaspace       used 69050K, committed 69504K, reserved 1114112K
  class space    used 8909K, committed 9088K, reserved 1048576K
}
Event: 3.785 GC heap before
{Heap before GC invocations=17 (full 0):
 garbage-first heap   total 90112K, used 28347K [0x0000000701600000, 0x0000000800000000)
  region size 2048K, 3 young (6144K), 2 survivors (4096K)
 Metaspace       used 69579K, committed 70016K, reserved 1114112K
  class space    used 8963K, committed 9152K, reserved 1048576K
}
Event: 3.788 GC heap after
{Heap after GC invocations=18 (full 0):
 garbage-first heap   total 90112K, used 26669K [0x0000000701600000, 0x0000000800000000)
  region size 2048K, 1 young (2048K), 1 survivors (2048K)
 Metaspace       used 69579K, committed 70016K, reserved 1114112K
  class space    used 8963K, committed 9152K, reserved 1048576K
}
Event: 4.128 GC heap before
{Heap before GC invocations=18 (full 0):
 garbage-first heap   total 90112K, used 65581K [0x0000000701600000, 0x0000000800000000)
  region size 2048K, 20 young (40960K), 1 survivors (2048K)
 Metaspace       used 73694K, committed 74176K, reserved 1114112K
  class space    used 9681K, committed 9920K, reserved 1048576K
}
Event: 4.130 GC heap after
{Heap after GC invocations=19 (full 0):
 garbage-first heap   total 90112K, used 28517K [0x0000000701600000, 0x0000000800000000)
  region size 2048K, 2 young (4096K), 2 survivors (4096K)
 Metaspace       used 73694K, committed 74176K, reserved 1114112K
  class space    used 9681K, committed 9920K, reserved 1048576K
}
Event: 15.715 GC heap before
{Heap before GC invocations=19 (full 0):
 garbage-first heap   total 90112K, used 67429K [0x0000000701600000, 0x0000000800000000)
  region size 2048K, 21 young (43008K), 2 survivors (4096K)
 Metaspace       used 79345K, committed 79936K, reserved 1179648K
  class space    used 10463K, committed 10752K, reserved 1048576K
}
Event: 15.718 GC heap after
{Heap after GC invocations=20 (full 0):
 garbage-first heap   total 90112K, used 31756K [0x0000000701600000, 0x0000000800000000)
  region size 2048K, 3 young (6144K), 3 survivors (6144K)
 Metaspace       used 79345K, committed 79936K, reserved 1179648K
  class space    used 10463K, committed 10752K, reserved 1048576K
}
Event: 275.861 GC heap before
{Heap before GC invocations=20 (full 0):
 garbage-first heap   total 90112K, used 66572K [0x0000000701600000, 0x0000000800000000)
  region size 2048K, 21 young (43008K), 3 survivors (6144K)
 Metaspace       used 83093K, committed 83648K, reserved 1179648K
  class space    used 10958K, committed 11264K, reserved 1048576K
}
Event: 275.865 GC heap after
{Heap after GC invocations=21 (full 0):
 garbage-first heap   total 90112K, used 32804K [0x0000000701600000, 0x0000000800000000)
  region size 2048K, 1 young (2048K), 1 survivors (2048K)
 Metaspace       used 83093K, committed 83648K, reserved 1179648K
  class space    used 10958K, committed 11264K, reserved 1048576K
}
Event: 575.021 GC heap before
{Heap before GC invocations=21 (full 0):
 garbage-first heap   total 90112K, used 69668K [0x0000000701600000, 0x0000000800000000)
  region size 2048K, 19 young (38912K), 1 survivors (2048K)
 Metaspace       used 83972K, committed 84544K, reserved 1179648K
  class space    used 10987K, committed 11264K, reserved 1048576K
}
Event: 575.023 GC heap after
{Heap after GC invocations=22 (full 0):
 garbage-first heap   total 90112K, used 32864K [0x0000000701600000, 0x0000000800000000)
  region size 2048K, 1 young (2048K), 1 survivors (2048K)
 Metaspace       used 83972K, committed 84544K, reserved 1179648K
  class space    used 10987K, committed 11264K, reserved 1048576K
}

Dll operation events (9 events):
Event: 0.004 Loaded shared library C:\Users\Ale\.p2\pool\plugins\org.eclipse.justj.openjdk.hotspot.jre.full.win32.x86_64_17.0.8.v20230831-1047\jre\bin\java.dll
Event: 0.097 Loaded shared library C:\Users\Ale\.p2\pool\plugins\org.eclipse.justj.openjdk.hotspot.jre.full.win32.x86_64_17.0.8.v20230831-1047\jre\bin\net.dll
Event: 0.098 Loaded shared library C:\Users\Ale\.p2\pool\plugins\org.eclipse.justj.openjdk.hotspot.jre.full.win32.x86_64_17.0.8.v20230831-1047\jre\bin\nio.dll
Event: 0.103 Loaded shared library C:\Users\Ale\.p2\pool\plugins\org.eclipse.justj.openjdk.hotspot.jre.full.win32.x86_64_17.0.8.v20230831-1047\jre\bin\zip.dll
Event: 0.183 Loaded shared library C:\Users\Ale\.p2\pool\plugins\org.eclipse.justj.openjdk.hotspot.jre.full.win32.x86_64_17.0.8.v20230831-1047\jre\bin\jimage.dll
Event: 0.361 Loaded shared library C:\Users\Ale\.p2\pool\plugins\org.eclipse.justj.openjdk.hotspot.jre.full.win32.x86_64_17.0.8.v20230831-1047\jre\bin\management.dll
Event: 0.362 Loaded shared library C:\Users\Ale\.p2\pool\plugins\org.eclipse.justj.openjdk.hotspot.jre.full.win32.x86_64_17.0.8.v20230831-1047\jre\bin\management_ext.dll
Event: 0.710 Loaded shared library C:\Users\Ale\.p2\pool\plugins\org.eclipse.justj.openjdk.hotspot.jre.full.win32.x86_64_17.0.8.v20230831-1047\jre\bin\verify.dll
Event: 1.982 Loaded shared library C:\Users\Ale\.p2\pool\plugins\org.eclipse.justj.openjdk.hotspot.jre.full.win32.x86_64_17.0.8.v20230831-1047\jre\bin\sunmscapi.dll

Deoptimization events (20 events):
Event: 289.696 Thread 0x000001aee3bfb220 Uncommon trap: trap_request=0xffffff45 fr.pc=0x000001aec60c4700 relative=0x0000000000000f80
Event: 289.696 Thread 0x000001aee3bfb220 Uncommon trap: reason=unstable_if action=reinterpret pc=0x000001aec60c4700 method=java.lang.Class.getMethod0(Ljava/lang/String;[Ljava/lang/Class;)Ljava/lang/reflect/Method; @ 3 c2
Event: 289.696 Thread 0x000001aee3bfb220 DEOPT PACKING pc=0x000001aec60c4700 sp=0x0000005013efb7e0
Event: 289.696 Thread 0x000001aee3bfb220 DEOPT UNPACKING pc=0x000001aec5a769a3 sp=0x0000005013efb748 mode 2
Event: 289.697 Thread 0x000001aee3bfb730 Uncommon trap: trap_request=0xffffff45 fr.pc=0x000001aec60afeb4 relative=0x00000000000001f4
Event: 289.697 Thread 0x000001aee3bfb730 Uncommon trap: reason=unstable_if action=reinterpret pc=0x000001aec60afeb4 method=java.util.concurrent.ConcurrentHashMap.addCount(JI)V @ 34 c2
Event: 289.697 Thread 0x000001aee3bfb730 DEOPT PACKING pc=0x000001aec60afeb4 sp=0x0000005013ffad30
Event: 289.697 Thread 0x000001aee3bfb730 DEOPT UNPACKING pc=0x000001aec5a769a3 sp=0x0000005013ffac70 mode 2
Event: 440.259 Thread 0x000001aee3bfad10 DEOPT PACKING pc=0x000001aebf193ba8 sp=0x0000005013dfbb70
Event: 440.259 Thread 0x000001aee3bfad10 DEOPT UNPACKING pc=0x000001aec5a77143 sp=0x0000005013dfb080 mode 0
Event: 536.159 Thread 0x000001aee3bfcb70 Uncommon trap: trap_request=0xffffff45 fr.pc=0x000001aec6440728 relative=0x00000000000011e8
Event: 536.159 Thread 0x000001aee3bfcb70 Uncommon trap: reason=unstable_if action=reinterpret pc=0x000001aec6440728 method=java.util.concurrent.ConcurrentHashMap.addCount(JI)V @ 7 c2
Event: 536.159 Thread 0x000001aee3bfcb70 DEOPT PACKING pc=0x000001aec6440728 sp=0x00000050139f7a90
Event: 536.159 Thread 0x000001aee3bfcb70 DEOPT UNPACKING pc=0x000001aec5a769a3 sp=0x00000050139f7950 mode 2
Event: 536.160 Thread 0x000001aee3bfcb70 Uncommon trap: trap_request=0xffffff45 fr.pc=0x000001aec61b6760 relative=0x0000000000000060
Event: 536.160 Thread 0x000001aee3bfcb70 Uncommon trap: reason=unstable_if action=reinterpret pc=0x000001aec61b6760 method=java.util.concurrent.ConcurrentHashMap.sumCount()J @ 11 c2
Event: 536.160 Thread 0x000001aee3bfcb70 DEOPT PACKING pc=0x000001aec61b6760 sp=0x00000050139f7e10
Event: 536.160 Thread 0x000001aee3bfcb70 DEOPT UNPACKING pc=0x000001aec5a769a3 sp=0x00000050139f7d70 mode 2
Event: 572.449 Thread 0x000001aee3bfdaa0 DEOPT PACKING pc=0x000001aebe66e4f4 sp=0x00000050138fbe10
Event: 572.450 Thread 0x000001aee3bfdaa0 DEOPT UNPACKING pc=0x000001aec5a77143 sp=0x00000050138fb390 mode 0

Classes unloaded (0 events):
No events

Classes redefined (0 events):
No events

Internal exceptions (20 events):
Event: 3.984 Thread 0x000001aee0043c50 Exception <a 'java/io/FileNotFoundException'{0x0000000705cffcc0}> (0x0000000705cffcc0) 
thrown [s\src\hotspot\share\prims\jni.cpp, line 516]
Event: 4.028 Thread 0x000001aee0043c50 Exception <a 'java/lang/reflect/InvocationTargetException'{0x000000070546b270}> (0x000000070546b270) 
thrown [s\src\hotspot\share\runtime\reflection.cpp, line 1121]
Event: 4.030 Thread 0x000001aee0043c50 Exception <a 'java/lang/reflect/InvocationTargetException'{0x000000070547ac38}> (0x000000070547ac38) 
thrown [s\src\hotspot\share\runtime\reflection.cpp, line 1121]
Event: 4.051 Thread 0x000001aee0043c50 Implicit null exception at 0x000001aec60b7d3d to 0x000001aec60b7dfa
Event: 4.061 Thread 0x000001aee0043c50 Exception <a 'java/io/FileNotFoundException'{0x00000007052d4628}> (0x00000007052d4628) 
thrown [s\src\hotspot\share\prims\jni.cpp, line 516]
Event: 4.061 Thread 0x000001aee0043c50 Exception <a 'java/io/FileNotFoundException'{0x00000007052df980}> (0x00000007052df980) 
thrown [s\src\hotspot\share\prims\jni.cpp, line 516]
Event: 4.080 Thread 0x000001aee0043c50 Exception <a 'java/lang/reflect/InvocationTargetException'{0x0000000704c812e8}> (0x0000000704c812e8) 
thrown [s\src\hotspot\share\runtime\reflection.cpp, line 1121]
Event: 4.113 Thread 0x000001aee0043c50 Exception <a 'java/lang/reflect/InvocationTargetException'{0x00000007046a1048}> (0x00000007046a1048) 
thrown [s\src\hotspot\share\runtime\reflection.cpp, line 1121]
Event: 4.318 Thread 0x000001aee0043c50 Exception <a 'java/lang/IncompatibleClassChangeError'{0x00000007061f3960}: Found class java.lang.Object, but interface was expected> (0x00000007061f3960) 
thrown [s\src\hotspot\share\interpreter\linkResolver.cpp, line 826]
Event: 4.371 Thread 0x000001aee0043c50 Exception <a 'java/lang/NoSuchMethodError'{0x0000000705d95f58}: 'java.lang.Object java.lang.invoke.DirectMethodHandle$Holder.invokeInterface(java.lang.Object, java.lang.Object, java.lang.Object, java.lang.Object)'> (0x0000000705d95f58) 
thrown [s\src\hotspot\share\interpreter\linkResolver.cpp, line 759]
Event: 4.393 Thread 0x000001aee0043c50 Exception <a 'java/lang/NoSuchMethodError'{0x0000000705b00bc0}: 'void java.lang.invoke.DirectMethodHandle$Holder.invokeVirtual(java.lang.Object, java.lang.Object, int)'> (0x0000000705b00bc0) 
thrown [s\src\hotspot\share\interpreter\linkResolver.cpp, line 759]
Event: 4.394 Thread 0x000001aee0043c50 Exception <a 'java/lang/NoSuchMethodError'{0x0000000705b1b570}: 'void java.lang.invoke.DirectMethodHandle$Holder.invokeVirtual(java.lang.Object, java.lang.Object, long)'> (0x0000000705b1b570) 
thrown [s\src\hotspot\share\interpreter\linkResolver.cpp, line 759]
Event: 4.512 Thread 0x000001aee0043c50 Exception <a 'java/lang/NoSuchMethodError'{0x0000000705088488}: 'java.lang.Object java.lang.invoke.DirectMethodHandle$Holder.newInvokeSpecial(java.lang.Object, java.lang.Object, int, java.lang.Object, java.lang.Object)'> (0x0000000705088488) 
thrown [s\src\hotspot\share\interpreter\linkResolver.cpp, line 759]
Event: 4.513 Thread 0x000001aee0043c50 Exception <a 'java/lang/NoSuchMethodError'{0x0000000705093818}: 'java.lang.Object java.lang.invoke.DirectMethodHandle$Holder.invokeSpecial(java.lang.Object, java.lang.Object, int, java.lang.Object, int, java.lang.Object)'> (0x0000000705093818) 
thrown [s\src\hotspot\share\interpreter\linkResolver.cpp, line 759]
Event: 4.513 Thread 0x000001aee0043c50 Exception <a 'java/lang/NoSuchMethodError'{0x000000070509b838}: 'java.lang.Object java.lang.invoke.DirectMethodHandle$Holder.newInvokeSpecial(java.lang.Object, java.lang.Object, int, java.lang.Object, int)'> (0x000000070509b838) 
thrown [s\src\hotspot\share\interpreter\linkResolver.cpp, line 759]
Event: 4.513 Thread 0x000001aee0043c50 Exception <a 'java/lang/NoSuchMethodError'{0x000000070509f938}: 'java.lang.Object java.lang.invoke.DirectMethodHandle$Holder.invokeSpecial(java.lang.Object, java.lang.Object, java.lang.Object, int, java.lang.Object, int)'> (0x000000070509f938) 
thrown [s\src\hotspot\share\interpreter\linkResolver.cpp, line 759]
Event: 15.651 Thread 0x000001aee3bfdaa0 Exception <a 'java/lang/NoSuchMethodError'{0x0000000704a86c28}: 'java.lang.Object java.lang.invoke.DirectMethodHandle$Holder.invokeSpecial(java.lang.Object, java.lang.Object, java.lang.Object, java.lang.Object, java.lang.Object, long)'> (0x0000000704a86c28) 
thrown [s\src\hotspot\share\interpreter\linkResolver.cpp, line 759]
Event: 15.651 Thread 0x000001aee3bfdaa0 Exception <a 'java/lang/NoSuchMethodError'{0x0000000704a8a668}: 'java.lang.Object java.lang.invoke.Invokers$Holder.linkToTargetMethod(java.lang.Object, java.lang.Object, java.lang.Object, long, java.lang.Object)'> (0x0000000704a8a668) 
thrown [s\src\hotspot\share\interpreter\linkResolver.cpp, line 759]
Event: 15.908 Thread 0x000001aee3bfdaa0 Exception <a 'java/lang/IncompatibleClassChangeError'{0x00000007064460b0}: Found class java.lang.Object, but interface was expected> (0x00000007064460b0) 
thrown [s\src\hotspot\share\interpreter\linkResolver.cpp, line 826]
Event: 289.696 Thread 0x000001aee3bfb220 Implicit null exception at 0x000001aec60c37de to 0x000001aec60c46f0

VM Operations (20 events):
Event: 545.368 Executing VM operation: Cleanup
Event: 545.368 Executing VM operation: Cleanup done
Event: 547.394 Executing VM operation: Cleanup
Event: 547.394 Executing VM operation: Cleanup done
Event: 548.395 Executing VM operation: Cleanup
Event: 548.395 Executing VM operation: Cleanup done
Event: 556.442 Executing VM operation: Cleanup
Event: 556.442 Executing VM operation: Cleanup done
Event: 572.571 Executing VM operation: Cleanup
Event: 572.571 Executing VM operation: Cleanup done
Event: 575.021 Executing VM operation: G1CollectForAllocation
Event: 575.023 Executing VM operation: G1CollectForAllocation done
Event: 576.024 Executing VM operation: Cleanup
Event: 576.024 Executing VM operation: Cleanup done
Event: 607.282 Executing VM operation: Cleanup
Event: 607.282 Executing VM operation: Cleanup done
Event: 622.424 Executing VM operation: Cleanup
Event: 622.425 Executing VM operation: Cleanup done
Event: 637.542 Executing VM operation: Cleanup
Event: 637.542 Executing VM operation: Cleanup done

Events (20 events):
Event: 16.037 loading class java/util/stream/LongStream
Event: 16.038 loading class java/util/stream/LongStream done
Event: 16.038 loading class java/util/stream/DoubleStream
Event: 16.038 loading class java/util/stream/DoubleStream done
Event: 16.042 Thread 0x000001aedf768880 Thread exited: 0x000001aedf768880
Event: 17.986 Thread 0x000001aedaa0bd40 Thread exited: 0x000001aedaa0bd40
Event: 17.991 loading class java/util/zip/DeflaterOutputStream
Event: 17.991 loading class java/util/zip/DeflaterOutputStream done
Event: 17.992 loading class java/util/zip/GZIPInputStream
Event: 17.992 loading class java/util/zip/GZIPInputStream done
Event: 17.992 loading class java/util/zip/GZIPOutputStream
Event: 17.992 loading class java/util/zip/GZIPOutputStream done
Event: 18.015 Thread 0x000001aee19d5150 Thread added: 0x000001aee19d5150
Event: 18.029 loading class java/lang/Throwable$WrappedPrintWriter
Event: 18.029 loading class java/lang/Throwable$PrintStreamOrWriter
Event: 18.030 loading class java/lang/Throwable$PrintStreamOrWriter done
Event: 18.030 loading class java/lang/Throwable$WrappedPrintWriter done
Event: 19.320 Thread 0x000001aee19d5150 Thread exited: 0x000001aee19d5150
Event: 289.693 loading class java/util/concurrent/locks/ReentrantReadWriteLock$Sync$HoldCounter
Event: 289.693 loading class java/util/concurrent/locks/ReentrantReadWriteLock$Sync$HoldCounter done


Dynamic libraries:
0x00007ff6b3470000 - 0x00007ff6b347e000 	C:\Users\Ale\.p2\pool\plugins\org.eclipse.justj.openjdk.hotspot.jre.full.win32.x86_64_17.0.8.v20230831-1047\jre\bin\javaw.exe
0x00007ffeff8d0000 - 0x00007ffeffac8000 	C:\Windows\SYSTEM32\ntdll.dll
0x00007ffeff700000 - 0x00007ffeff7bd000 	C:\Windows\System32\KERNEL32.DLL
0x00007ffefd2c0000 - 0x00007ffefd5b6000 	C:\Windows\System32\KERNELBASE.dll
0x00007ffefd700000 - 0x00007ffefd800000 	C:\Windows\System32\ucrtbase.dll
0x00007ffef0710000 - 0x00007ffef0727000 	C:\Users\Ale\.p2\pool\plugins\org.eclipse.justj.openjdk.hotspot.jre.full.win32.x86_64_17.0.8.v20230831-1047\jre\bin\jli.dll
0x00007ffef06f0000 - 0x00007ffef0709000 	C:\Users\Ale\.p2\pool\plugins\org.eclipse.justj.openjdk.hotspot.jre.full.win32.x86_64_17.0.8.v20230831-1047\jre\bin\VCRUNTIME140.dll
0x00007ffefdef0000 - 0x00007ffefe08e000 	C:\Windows\System32\USER32.dll
0x00007ffef0140000 - 0x00007ffef03da000 	C:\Windows\WinSxS\amd64_microsoft.windows.common-controls_6595b64144ccf1df_6.0.19041.3636_none_60b6a03d71f818d5\COMCTL32.dll
0x00007ffefd800000 - 0x00007ffefd822000 	C:\Windows\System32\win32u.dll
0x00007ffeff3f0000 - 0x00007ffeff48e000 	C:\Windows\System32\msvcrt.dll
0x00007ffeff7e0000 - 0x00007ffeff80c000 	C:\Windows\System32\GDI32.dll
0x00007ffefcfb0000 - 0x00007ffefd0ca000 	C:\Windows\System32\gdi32full.dll
0x00007ffefd5c0000 - 0x00007ffefd65d000 	C:\Windows\System32\msvcp_win.dll
0x00007ffefefb0000 - 0x00007ffefefe0000 	C:\Windows\System32\IMM32.DLL
0x00007ffef98f0000 - 0x00007ffef98fc000 	C:\Users\Ale\.p2\pool\plugins\org.eclipse.justj.openjdk.hotspot.jre.full.win32.x86_64_17.0.8.v20230831-1047\jre\bin\vcruntime140_1.dll
0x00007ffee1820000 - 0x00007ffee18b1000 	C:\Users\Ale\.p2\pool\plugins\org.eclipse.justj.openjdk.hotspot.jre.full.win32.x86_64_17.0.8.v20230831-1047\jre\bin\msvcp140.dll
0x00007ffeb6fa0000 - 0x00007ffeb7bec000 	C:\Users\Ale\.p2\pool\plugins\org.eclipse.justj.openjdk.hotspot.jre.full.win32.x86_64_17.0.8.v20230831-1047\jre\bin\server\jvm.dll
0x00007ffefe750000 - 0x00007ffefe7ff000 	C:\Windows\System32\ADVAPI32.dll
0x00007ffeff520000 - 0x00007ffeff5bc000 	C:\Windows\System32\sechost.dll
0x00007ffefe090000 - 0x00007ffefe1b6000 	C:\Windows\System32\RPCRT4.dll
0x00007ffefc6a0000 - 0x00007ffefc6eb000 	C:\Windows\SYSTEM32\POWRPROF.dll
0x00007ffef41f0000 - 0x00007ffef4217000 	C:\Windows\SYSTEM32\WINMM.dll
0x00007ffeb7bf0000 - 0x00007ffeb7bf9000 	C:\Windows\SYSTEM32\WSOCK32.dll
0x00007ffef5530000 - 0x00007ffef553a000 	C:\Windows\SYSTEM32\VERSION.dll
0x00007ffeff090000 - 0x00007ffeff0fb000 	C:\Windows\System32\WS2_32.dll
0x00007ffefc5f0000 - 0x00007ffefc602000 	C:\Windows\SYSTEM32\UMPDC.dll
0x00007ffefb7e0000 - 0x00007ffefb7f2000 	C:\Windows\SYSTEM32\kernel.appcore.dll
0x00007ffef97c0000 - 0x00007ffef97ca000 	C:\Users\Ale\.p2\pool\plugins\org.eclipse.justj.openjdk.hotspot.jre.full.win32.x86_64_17.0.8.v20230831-1047\jre\bin\jimage.dll
0x00007ffefacb0000 - 0x00007ffefae94000 	C:\Windows\SYSTEM32\DBGHELP.DLL
0x00007ffee0390000 - 0x00007ffee03c4000 	C:\Windows\SYSTEM32\dbgcore.DLL
0x00007ffefd0d0000 - 0x00007ffefd152000 	C:\Windows\System32\bcryptPrimitives.dll
0x00007ffeece50000 - 0x00007ffeece75000 	C:\Users\Ale\.p2\pool\plugins\org.eclipse.justj.openjdk.hotspot.jre.full.win32.x86_64_17.0.8.v20230831-1047\jre\bin\java.dll
0x00007ffeedfe0000 - 0x00007ffeedff8000 	C:\Users\Ale\.p2\pool\plugins\org.eclipse.justj.openjdk.hotspot.jre.full.win32.x86_64_17.0.8.v20230831-1047\jre\bin\zip.dll
0x00007ffefe860000 - 0x00007ffefefa4000 	C:\Windows\System32\SHELL32.dll
0x00007ffefaea0000 - 0x00007ffefb63b000 	C:\Windows\SYSTEM32\windows.storage.dll
0x00007ffefd930000 - 0x00007ffefdc84000 	C:\Windows\System32\combase.dll
0x00007ffefc910000 - 0x00007ffefc93d000 	C:\Windows\SYSTEM32\Wldp.dll
0x00007ffefefe0000 - 0x00007ffeff08d000 	C:\Windows\System32\SHCORE.dll
0x00007ffefe800000 - 0x00007ffefe855000 	C:\Windows\System32\shlwapi.dll
0x00007ffefcee0000 - 0x00007ffefcf05000 	C:\Windows\SYSTEM32\profapi.dll
0x00007ffeedcd0000 - 0x00007ffeedce9000 	C:\Users\Ale\.p2\pool\plugins\org.eclipse.justj.openjdk.hotspot.jre.full.win32.x86_64_17.0.8.v20230831-1047\jre\bin\net.dll
0x00007ffef6010000 - 0x00007ffef611a000 	C:\Windows\SYSTEM32\WINHTTP.dll
0x00007ffefc6f0000 - 0x00007ffefc75a000 	C:\Windows\system32\mswsock.dll
0x00007ffeeccf0000 - 0x00007ffeecd05000 	C:\Users\Ale\.p2\pool\plugins\org.eclipse.justj.openjdk.hotspot.jre.full.win32.x86_64_17.0.8.v20230831-1047\jre\bin\nio.dll
0x00007ffede4a0000 - 0x00007ffede4a9000 	C:\Users\Ale\.p2\pool\plugins\org.eclipse.justj.openjdk.hotspot.jre.full.win32.x86_64_17.0.8.v20230831-1047\jre\bin\management.dll
0x00007ffedad90000 - 0x00007ffedad9b000 	C:\Users\Ale\.p2\pool\plugins\org.eclipse.justj.openjdk.hotspot.jre.full.win32.x86_64_17.0.8.v20230831-1047\jre\bin\management_ext.dll
0x00007ffeff6f0000 - 0x00007ffeff6f8000 	C:\Windows\System32\PSAPI.DLL
0x00007ffedaf20000 - 0x00007ffedaf30000 	C:\Users\Ale\.p2\pool\plugins\org.eclipse.justj.openjdk.hotspot.jre.full.win32.x86_64_17.0.8.v20230831-1047\jre\bin\verify.dll
0x00007ffefc950000 - 0x00007ffefc968000 	C:\Windows\SYSTEM32\CRYPTSP.dll
0x00007ffefbf70000 - 0x00007ffefbfa4000 	C:\Windows\system32\rsaenh.dll
0x00007ffefd6d0000 - 0x00007ffefd6f7000 	C:\Windows\System32\bcrypt.dll
0x00007ffefcea0000 - 0x00007ffefcece000 	C:\Windows\SYSTEM32\USERENV.dll
0x00007ffefc880000 - 0x00007ffefc88c000 	C:\Windows\SYSTEM32\CRYPTBASE.dll
0x00007ffefc390000 - 0x00007ffefc3cb000 	C:\Windows\SYSTEM32\IPHLPAPI.DLL
0x00007ffefdcf0000 - 0x00007ffefdcf8000 	C:\Windows\System32\NSI.dll
0x00007ffef7080000 - 0x00007ffef7097000 	C:\Windows\SYSTEM32\dhcpcsvc6.DLL
0x00007ffef7000000 - 0x00007ffef701d000 	C:\Windows\SYSTEM32\dhcpcsvc.DLL
0x00007ffefc3d0000 - 0x00007ffefc49a000 	C:\Windows\SYSTEM32\DNSAPI.dll
0x00007ffedea40000 - 0x00007ffedea4e000 	C:\Users\Ale\.p2\pool\plugins\org.eclipse.justj.openjdk.hotspot.jre.full.win32.x86_64_17.0.8.v20230831-1047\jre\bin\sunmscapi.dll
0x00007ffefd160000 - 0x00007ffefd2bd000 	C:\Windows\System32\CRYPT32.dll
0x00007ffefca60000 - 0x00007ffefca87000 	C:\Windows\SYSTEM32\ncrypt.dll
0x00007ffefca20000 - 0x00007ffefca5b000 	C:\Windows\SYSTEM32\NTASN1.dll
0x00007ffef5d30000 - 0x00007ffef5d3a000 	C:\Windows\System32\rasadhlp.dll
0x00007ffef5f30000 - 0x00007ffef5fb0000 	C:\Windows\System32\fwpuclnt.dll
0x00007ffef8300000 - 0x00007ffef8307000 	C:\Windows\system32\wshunix.dll

dbghelp: loaded successfully - version: 4.0.5 - missing functions: none
symbol engine: initialized successfully - sym options: 0x614 - pdb path: .;C:\Users\Ale\.p2\pool\plugins\org.eclipse.justj.openjdk.hotspot.jre.full.win32.x86_64_17.0.8.v20230831-1047\jre\bin;C:\Windows\SYSTEM32;C:\Windows\WinSxS\amd64_microsoft.windows.common-controls_6595b64144ccf1df_6.0.19041.3636_none_60b6a03d71f818d5;C:\Users\Ale\.p2\pool\plugins\org.eclipse.justj.openjdk.hotspot.jre.full.win32.x86_64_17.0.8.v20230831-1047\jre\bin\server

VM Arguments:
jvm_args: -Dfile.encoding=UTF-8 -Dstdout.encoding=UTF-8 -Dstderr.encoding=UTF-8 -XX:+ShowCodeDetailsInExceptionMessages 
java_command: com.aleleone.WOD.Randomizer.WodRandomizerApplication
java_class_path (initial): D:\Proyectos\randomizer\backend\target\classes;C:\Users\Ale\.p2\pool\plugins\org.junit_4.13.2.v20230809-1000.jar;C:\Users\Ale\.p2\pool\plugins\org.hamcrest_2.2.0.jar;C:\Users\Ale\.p2\pool\plugins\org.hamcrest.core_2.2.0.v20230809-1000.jar;C:\Users\Ale\.m2\repository\org\springframework\boot\spring-boot-starter-data-jpa\3.0.6\spring-boot-starter-data-jpa-3.0.6.jar;C:\Users\Ale\.m2\repository\org\springframework\boot\spring-boot-starter-aop\3.0.6\spring-boot-starter-aop-3.0.6.jar;C:\Users\Ale\.m2\repository\org\aspectj\aspectjweaver\1.9.19\aspectjweaver-1.9.19.jar;C:\Users\Ale\.m2\repository\org\springframework\boot\spring-boot-starter-jdbc\3.0.6\spring-boot-starter-jdbc-3.0.6.jar;C:\Users\Ale\.m2\repository\com\zaxxer\HikariCP\5.0.1\HikariCP-5.0.1.jar;C:\Users\Ale\.m2\repository\org\springframework\spring-jdbc\6.0.8\spring-jdbc-6.0.8.jar;C:\Users\Ale\.m2\repository\org\hibernate\orm\hibernate-core\6.1.7.Final\hibernate-core-6.1.7.Final.jar;C:\Users\Ale\.m2\repository\jakarta\persistence\jakarta.persistence-api\3.1.0\jakarta.persistence-api-3.1.0.jar;C:\Users\Ale\.m2\repository\jakarta\transaction\jakarta.transaction-api\2.0.1\jakarta.transaction-api-2.0.1.jar;C:\Users\Ale\.m2\repository\org\jboss\logging\jboss-logging\3.5.0.Final\jboss-logging-3.5.0.Final.jar;C:\Users\Ale\.m2\repository\org\hibernate\common\hibernate-commons-annotations\6.0.6.Final\hibernate-commons-annotations-6.0.6.Final.jar;C:\Users\Ale\.m2\repository\org\jboss\jandex\2.4.2.Final\jandex-2.4.2.Final.jar;C:\Users\Ale\.m2\repository\com\fasterxml\classmate\1.5.1\classmate-1.5.1.jar;C:\Users\Ale\.m2\repository\org\glassfish\jaxb\jaxb-runtime\4.0.2\jaxb-runtime-4.0.2.jar;C:\Users\Ale\.m2\repository\org\glassfish\jaxb\jaxb-core\4.0.2\jaxb-core-4.0.2.jar;C:\Users\Ale\.m2\repository\org\glassfish\jaxb\txw2\4.0.2\txw2-4.0.2.jar;C:\Users\Ale\.m2\repository\com\sun\istack\istack-commons-runtime\4.1.1\istack-commons-runtime-4.1.1.jar;C:\Users\Ale\.m2\repository\jakarta\inject\jaka
Launcher Type: SUN_STANDARD

[Global flags]
     intx CICompilerCount                          = 4                                         {product} {ergonomic}
     uint ConcGCThreads                            = 3                                         {product} {ergonomic}
     uint G1ConcRefinementThreads                  = 10                                        {product} {ergonomic}
   size_t G1HeapRegionSize                         = 2097152                                   {product} {ergonomic}
    uintx GCDrainStackTargetSize                   = 64                                        {product} {ergonomic}
   size_t InitialHeapSize                          = 268435456                                 {product} {ergonomic}
   size_t MarkStackSize                            = 4194304                                   {product} {ergonomic}
   size_t MaxHeapSize                              = 4271898624                                {product} {ergonomic}
   size_t MaxNewSize                               = 2562719744                                {product} {ergonomic}
   size_t MinHeapDeltaBytes                        = 2097152                                   {product} {ergonomic}
   size_t MinHeapSize                              = 8388608                                   {product} {ergonomic}
    uintx NonNMethodCodeHeapSize                   = 5839372                                {pd product} {ergonomic}
    uintx NonProfiledCodeHeapSize                  = 122909434                              {pd product} {ergonomic}
    uintx ProfiledCodeHeapSize                     = 122909434                              {pd product} {ergonomic}
    uintx ReservedCodeCacheSize                    = 251658240                              {pd product} {ergonomic}
     bool SegmentedCodeCache                       = true                                      {product} {ergonomic}
     bool ShowCodeDetailsInExceptionMessages       = true                                   {manageable} {command line}
   size_t SoftMaxHeapSize                          = 4271898624                             {manageable} {ergonomic}
     bool UseCompressedClassPointers               = true                           {product lp64_product} {ergonomic}
     bool UseCompressedOops                        = true                           {product lp64_product} {ergonomic}
     bool UseG1GC                                  = true                                      {product} {ergonomic}
     bool UseLargePagesIndividualAllocation        = false                                  {pd product} {ergonomic}

Logging:
Log output configuration:
 #0: stdout all=warning uptime,level,tags
 #1: stderr all=off uptime,level,tags

Environment Variables:
PATH=C:/Users/Ale/.p2/pool/plugins/org.eclipse.justj.openjdk.hotspot.jre.full.win32.x86_64_17.0.8.v20230831-1047/jre/bin/server;C:/Users/Ale/.p2/pool/plugins/org.eclipse.justj.openjdk.hotspot.jre.full.win32.x86_64_17.0.8.v20230831-1047/jre/bin;C:\Program Files\Java\jdk-21\bin;C:\Program Files\Common Files\Oracle\Java\javapath;C:\Windows\system32;C:\Windows;C:\Windows\System32\Wbem;C:\Windows\System32\WindowsPowerShell\v1.0\;C:\Windows\System32\OpenSSH\;C:\Program Files\Docker\Docker\resources\bin;C:\Program Files\nodejs\;C:\Program Files\Git\cmd;C:\Program Files\dotnet\;C:\Program Files (x86)\NVIDIA Corporation\PhysX\Common;C:\Users\Ale\AppData\Local\Microsoft\WindowsApps;;C:\Users\Ale\AppData\Local\Programs\Microsoft VS Code\bin;C:\Users\Ale\AppData\Roaming\npm;C:\Users\Ale\Desktop;
USERNAME=Ale
OS=Windows_NT
PROCESSOR_IDENTIFIER=AMD64 Family 23 Model 113 Stepping 0, AuthenticAMD
TMP=C:\Users\Ale\AppData\Local\Temp
TEMP=C:\Users\Ale\AppData\Local\Temp



---------------  S Y S T E M  ---------------

OS:
 Windows 10 , 64 bit Build 19041 (10.0.19041.3636)
OS uptime: 0 days 18:33 hours
Hyper-V role detected

CPU: total 12 (initial active 12) (12 cores per cpu, 2 threads per core) family 23 model 113 stepping 0 microcode 0x0, cx8, cmov, fxsr, ht, mmx, 3dnowpref, sse, sse2, sse3, ssse3, sse4a, sse4.1, sse4.2, popcnt, lzcnt, tsc, tscinvbit, avx, avx2, aes, clmul, bmi1, bmi2, adx, sha, fma, vzeroupper, clflush, clflushopt, hv
Processor Information for all 12 processors :
  Max Mhz: 3593, Current Mhz: 3593, Mhz Limit: 3593

Memory: 4k page, system-wide physical 16295M (4222M free)
TotalPageFile size 28583M (AvailPageFile size 10860M)
current process WorkingSet (physical memory assigned to process): 273M, peak: 326M
current process commit charge ("private bytes"): 310M, peak: 393M

vm_info: OpenJDK 64-Bit Server VM (17.0.8.1+1) for windows-amd64 JRE (17.0.8.1+1), built on Aug 23 2023 15:29:17 by "admin" with MS VC++ 16.7 (VS2019)

END.
